<?xml version="1.0" encoding="UTF-8"?>
<!-- Generated by org.testng.reporters.JUnitReportReporter -->
<testsuite hostname="DESKTOP-EHJBA5R" failures="0" tests="1" name="saucedemoTest.DriverConnection" time="3.958" errors="0" timestamp="2023-04-16T12:09:38 EDT" skipped="0">
  <testcase classname="saucedemoTest.DriverConnection" name="getchrome" time="3.958"/>
  <system-out/>
</testsuite> <!-- saucedemoTest.DriverConnection -->
