<?xml version="1.0" encoding="UTF-8"?>
<!-- Generated by org.testng.reporters.JUnitReportReporter -->
<testsuite hostname="DESKTOP-EHJBA5R" failures="0" tests="6" name="testing.ProductcekOut" time="6.580" errors="0" timestamp="2023-04-19T11:20:58 EDT" skipped="0">
  <testcase classname="testing.ProductcekOut" name="openwebpage" time="5.121"/>
  <system-out/>
  <testcase classname="testing.ProductcekOut" name="wrongname" time="0.350"/>
  <system-out/>
  <testcase classname="testing.ProductcekOut" name="rightnamepass" time="0.460"/>
  <system-out/>
  <testcase classname="testing.ProductcekOut" name="picture" time="0.311"/>
  <system-out/>
  <testcase classname="testing.ProductcekOut" name="click" time="0.099"/>
  <system-out/>
  <testcase classname="testing.ProductcekOut" name="addtocart" time="0.239"/>
  <system-out/>
</testsuite> <!-- testing.ProductcekOut -->
