<?xml version="1.0" encoding="UTF-8"?>
<!-- Generated by org.testng.reporters.JUnitReportReporter -->
<testsuite hostname="DESKTOP-EHJBA5R" failures="0" tests="3" name="testing.LogingPage" time="5.908" errors="0" timestamp="2023-04-19T10:48:40 EDT" skipped="0">
  <testcase classname="testing.LogingPage" name="openwebpage" time="5.163"/>
  <system-out/>
  <testcase classname="testing.LogingPage" name="wrongname" time="0.342"/>
  <system-out/>
  <testcase classname="testing.LogingPage" name="rightnamepass" time="0.403"/>
  <system-out/>
</testsuite> <!-- testing.LogingPage -->
